0000000000000000 0000000000000004 b g_fsPriority
0000000000000000 a __start__
0000000000000000 T _start
0000000000000000 b _TLS_MODULE_BASE_
0000000000000004 0000000000000004 b fsdev_last_result
0000000000000008 0000000000000401 B __nx_dev_path_buf
00000000000000e0 T __nx_exit
00000000000000f0 T __nx_mod0
0000000000000140 0000000000000034 T exit
0000000000000180 00000000000008a0 T main
0000000000000a20 t __do_global_dtors_aux
0000000000000a80 t frame_dummy
0000000000000ab0 0000000000000024 t header()
0000000000000ae0 0000000000000078 t screen_error(PadState*, char const*)
0000000000000b60 0000000000000018 t _appletInfiniteSleepLoop
0000000000000b80 0000000000000108 t _appletCmdGetSession
0000000000000c90 00000000000000cc t _appletCmdInU8NoOut
0000000000000d60 00000000000000cc t _appletCmdInU32NoOut
0000000000000e30 000000000000012c t _appletGetSessionProxy.constprop.0
0000000000000f60 0000000000000148 t _appletOpenLibraryAppletProxy.constprop.0
00000000000010b0 00000000000000f8 t _appletCmdGetEvent
00000000000011b0 00000000000000d4 t _appletCmdNoInOutU8.isra.0
0000000000001290 00000000000000d4 t _appletCmdNoInOutU32.isra.0
0000000000001370 00000000000000d4 t _appletCmdNoInOutU64.isra.0
0000000000001450 00000000000000c0 t _appletCmdNoIO.isra.0
0000000000001510 0000000000000010 T appletGetAppletType
0000000000001520 00000000000001b8 T appletSetFocusHandlingMode
00000000000016e0 000000000000005c T appletSetCpuBoostMode
0000000000001740 000000000000002c T appletCreateManagedDisplayLayer
0000000000001770 000000000000000c T appletGetAppletResourceUserId
0000000000001780 0000000000000138 t _appletHolderCreateState
00000000000018c0 00000000000000b0 T appletHolderClose
0000000000001970 0000000000000024 T appletHolderGetLibraryAppletInfo
00000000000019a0 0000000000000090 T appletNotifyRunning
0000000000001a30 0000000000000078 T appletSetGamePlayRecordingState
0000000000001ab0 0000000000000ad4 t _appletCleanup
0000000000002590 0000000000000048 T appletExit
00000000000025e0 0000000000000040 T appletGetLibraryAppletInfo
0000000000002620 0000000000000c14 T appletInitialize
0000000000003240 0000000000000024 t _appletExitProcess
0000000000003270 0000000000000074 T appletGetMessage
00000000000032f0 0000000000000264 T appletProcessMessage
0000000000003560 0000000000000034 T appletMainLoop
00000000000035a0 00000000000000bc t _btdrvCmdNoIO
0000000000003660 0000000000000080 t _btdrvCleanup
00000000000036e0 00000000000000a4 T btdrvInitialize
0000000000003790 0000000000000048 T btdrvExit
00000000000037e0 00000000000000cc t _btmCmdOutBufPtrFixed
00000000000038b0 00000000000000e8 t _btmCmdInIdOutBufPtr
00000000000039a0 0000000000000078 t _btmCleanup
0000000000003a20 0000000000000098 T btmInitialize
0000000000003ac0 0000000000000048 T btmExit
0000000000003b10 0000000000000048 T btmLegacyGetDeviceInfo
0000000000003b60 0000000000000064 T btmGetDeviceInfo
0000000000003bd0 00000000000000b4 t _fsCleanup
0000000000003c90 00000000000001c0 t _fsCmdNoIO
0000000000003e50 00000000000001e0 t _fsFsCmdWithInPath
0000000000004030 00000000000001f8 t _fsFsCmdWithTwoInPaths
0000000000004230 000000000000028c t _fsFsOpenCommon
00000000000044c0 00000000000001fc t _fsFsCmdWithInPathAndOutU64
00000000000046c0 00000000000000f8 t _fsObjectClose
00000000000047c0 000000000000017c t _fsCmdGetSession.constprop.0
0000000000004940 00000000000002f8 T fsInitialize
0000000000004c40 0000000000000048 T fsExit
0000000000004c90 0000000000000008 T fsOpenSdCardFileSystem
0000000000004ca0 00000000000001ec T fsFsCreateFile
0000000000004e90 0000000000000008 T fsFsDeleteFile
0000000000004ea0 0000000000000008 T fsFsCreateDirectory
0000000000004eb0 0000000000000008 T fsFsDeleteDirectory
0000000000004ec0 0000000000000008 T fsFsRenameFile
0000000000004ed0 0000000000000008 T fsFsRenameDirectory
0000000000004ee0 00000000000001f0 T fsFsGetEntryType
00000000000050d0 0000000000000008 T fsFsOpenFile
00000000000050e0 0000000000000008 T fsFsOpenDirectory
00000000000050f0 0000000000000008 T fsFsGetFreeSpace
0000000000005100 0000000000000008 T fsFsGetTotalSpace
0000000000005110 0000000000000230 T fsFsGetFileTimeStampRaw
0000000000005340 0000000000000004 T fsFsClose
0000000000005350 0000000000000214 T fsFileRead
0000000000005570 00000000000001f8 T fsFileWrite
0000000000005770 0000000000000008 T fsFileFlush
0000000000005780 00000000000001c0 T fsFileSetSize
0000000000005780 00000000000001c0 t fsFileSetSize.localalias
0000000000005940 00000000000001d4 T fsFileGetSize
0000000000005940 00000000000001d4 t fsFileGetSize.localalias
0000000000005b20 0000000000000004 T fsFileClose
0000000000005b30 0000000000000004 T fsDirClose
0000000000005b40 0000000000000204 T fsDirRead
0000000000005d50 00000000000000cc t _smCmifCmdInPid
0000000000005e20 0000000000000078 t _smCleanup
0000000000005ea0 0000000000000048 T smAddOverrideHandle
0000000000005ef0 0000000000000054 T smGetServiceOverride
0000000000005f50 00000000000001ac T smInitialize
0000000000006100 0000000000000048 T smExit
0000000000006150 00000000000000d0 T smGetServiceOriginal
0000000000006220 0000000000000120 T smGetServiceWrapper
0000000000006340 000000000000001c W diagAbortWithResult
0000000000006360 0000000000000208 T envSetup
0000000000006570 0000000000000020 T envGetMainThreadHandle
0000000000006590 000000000000000c T envIsNso
00000000000065a0 0000000000000014 T envHasHeapOverride
00000000000065c0 000000000000000c T envGetHeapOverrideAddr
00000000000065d0 000000000000000c T envGetHeapOverrideSize
00000000000065e0 0000000000000014 T envHasArgv
0000000000006600 000000000000000c T envGetArgv
0000000000006610 000000000000000c T envGetExitFuncPtr
0000000000006620 000000000000000c T envSetExitFuncPtr
0000000000006630 000000000000000c T envHasRandomSeed
0000000000006640 0000000000000010 T envGetRandomSeed
0000000000006650 0000000000000014 T hosversionGet
0000000000006670 0000000000000010 T hosversionSet
0000000000006680 000000000000009c T padConfigureInput
0000000000006720 0000000000000024 T padInitializeWithMask
0000000000006750 000000000000029c T padUpdate
00000000000069f0 0000000000000050 t consoleDrawChar
0000000000006a40 00000000000000b8 t consoleNewRow
0000000000006b00 0000000000000194 t consolePrintChar.part.0
0000000000006ca0 0000000000000df8 t con_write
0000000000007aa0 0000000000000160 T consoleInit
0000000000007c00 0000000000000044 T consoleExit
0000000000007c50 000000000000002c T consoleUpdate
0000000000007c80 0000000000000098 T consoleClear
0000000000007d20 00000000000001bc t ConsoleSwRenderer_drawChar
0000000000007ee0 00000000000000e8 t ConsoleSwRenderer_init
0000000000007fd0 0000000000000078 t ConsoleSwRenderer_flushAndSwap
0000000000008050 00000000000000dc t ConsoleSwRenderer_scrollWindow
0000000000008130 0000000000000050 t ConsoleSwRenderer_deinit
0000000000008180 000000000000000c W getDefaultConsoleRenderer
0000000000008190 0000000000000010 t fsdev_link
00000000000081a0 0000000000000010 t fsdev_dirreset
00000000000081b0 0000000000000010 t fsdev_chmod
00000000000081c0 0000000000000018 t error_cmp
00000000000081e0 0000000000000020 t fsdev_dirclose
0000000000008200 000000000000001c t fsdev_close
0000000000008220 0000000000000074 t fsdev_converttimetoutc
00000000000082a0 00000000000000f8 t fsdevFindDevice.part.0
00000000000083a0 00000000000001cc t fsdev_fixpath
0000000000008570 000000000000009c t _fsdevUnmountDeviceStruct.part.0
0000000000008610 0000000000000010 t fsdev_fchmod
0000000000008620 0000000000000100 t fsdev_diropen
0000000000008720 00000000000000f8 t fsdev_statvfs
0000000000008820 000000000000007c t fsdev_fsync
00000000000088a0 00000000000000ec t fsdev_fstat
0000000000008990 0000000000000094 t fsdev_ftruncate
0000000000008a30 00000000000001d8 t fsdev_stat
0000000000008c10 000000000000014c t fsdev_rename
0000000000008d60 000000000000013c t fsdev_chdir
0000000000008ea0 00000000000000a4 t fsdev_rmdir
0000000000008f50 00000000000000a4 t fsdev_mkdir
0000000000009000 00000000000000a4 t fsdev_unlink
00000000000090b0 000000000000013c t fsdev_write_safe
00000000000091f0 0000000000000134 t fsdev_read_safe
0000000000009330 0000000000000100 t fsdev_read
0000000000009430 00000000000001d4 t fsdev_dirnext
0000000000009610 0000000000000124 t fsdev_write
0000000000009740 0000000000000110 t fsdev_seek
0000000000009850 0000000000000230 t fsdev_open
0000000000009a80 0000000000000324 T fsdevMountDevice
0000000000009db0 0000000000000040 T fsdevMountSdmc
0000000000009df0 00000000000000bc T __libnx_init_cwd
0000000000009eb0 0000000000000064 T fsdevUnmountAll
0000000000009f20 0000000000000128 T decode_utf8
000000000000a048 T svcSetHeapSize
000000000000a05c T svcSetMemoryPermission
000000000000a064 T svcSetMemoryAttribute
000000000000a06c T svcUnmapMemory
000000000000a074 T svcQueryMemory
000000000000a088 T svcExitProcess
000000000000a090 T svcSleepThread
000000000000a098 T svcMapSharedMemory
000000000000a0a0 T svcUnmapSharedMemory
000000000000a0a8 T svcCreateTransferMemory
000000000000a0bc T svcCloseHandle
000000000000a0c4 T svcResetSignal
000000000000a0cc T svcWaitSynchronization
000000000000a0e0 T svcArbitrateLock
000000000000a0e8 T svcArbitrateUnlock
000000000000a0f0 T svcWaitProcessWideKeyAtomic
000000000000a0f8 T svcSignalProcessWideKey
000000000000a100 T svcConnectToNamedPort
000000000000a114 T svcSendSyncRequest
000000000000a11c T svcBreak
000000000000a124 T svcReturnFromException
000000000000a12c T svcGetInfo
000000000000a140 T svcUnmapTransferMemory
000000000000a148 T __aarch64_read_tp
000000000000a160 000000000000000c T eventLoadRemote
000000000000a170 0000000000000034 T eventWait
000000000000a1b0 0000000000000054 T eventClose
000000000000a210 00000000000000c8 T mutexLock
000000000000a2e0 0000000000000068 T mutexUnlock
000000000000a350 000000000000001c T mutexIsLockedByCurrentThread
000000000000a370 0000000000000050 T rmutexLock
000000000000a3c0 0000000000000018 T rmutexUnlock
000000000000a3e0 0000000000000014 T shmemLoadRemote
000000000000a400 0000000000000070 T shmemMap
000000000000a470 0000000000000034 T shmemUnmap
000000000000a4b0 000000000000004c T shmemClose
000000000000a500 00000000000000a8 T tmemCreate
000000000000a5b0 0000000000000034 T tmemUnmap
000000000000a5f0 0000000000000030 T tmemCloseHandle
000000000000a620 000000000000009c T tmemWaitForPermission
000000000000a6c0 0000000000000050 T tmemClose
000000000000a710 0000000000000064 t _memregionInitWithInfo
000000000000a780 0000000000000004 W __libnx_virtmem_rng
000000000000a790 0000000000000164 t _memregionFindRandom
000000000000a900 0000000000000140 T virtmemSetup
000000000000aa40 000000000000000c T virtmemLock
000000000000aa50 000000000000000c T virtmemUnlock
000000000000aa60 0000000000000050 T virtmemFindAslr
000000000000aab0 000000000000057c T waitObjects
000000000000b030 0000000000000184 T sessionmgrCreate
000000000000b1c0 0000000000000084 T sessionmgrClose
000000000000b250 00000000000000a8 T sessionmgrAttachClient
000000000000b300 0000000000000060 T sessionmgrDetachClient
000000000000b360 00000000000000d4 t _apmCleanup
000000000000b440 0000000000000194 T apmInitialize
000000000000b5e0 0000000000000048 T apmExit
000000000000b630 00000000000000c8 T apmSetPerformanceConfiguration
000000000000b700 000000000000012c t _hidCleanup
000000000000b830 00000000000000d4 t _hidCmdInAruidNoOut
000000000000b910 00000000000000e0 t _hidCmdInU32AruidNoOut
000000000000b9f0 0000000000000194 t _hidGetStates
000000000000bb90 000000000000026c T hidInitialize
000000000000be00 0000000000000048 T hidExit
000000000000be50 000000000000000c T hidGetSharedmemAddr
000000000000be60 0000000000000090 T hidGetNpadStyleSet
000000000000bef0 0000000000000084 T hidInitializeNpad
000000000000bf80 00000000000000a4 T hidGetNpadStatesFullKey
000000000000c030 00000000000000a4 T hidGetNpadStatesHandheld
000000000000c0e0 00000000000000a4 T hidGetNpadStatesJoyDual
000000000000c190 00000000000000a4 T hidGetNpadStatesJoyLeft
000000000000c240 00000000000000a4 T hidGetNpadStatesJoyRight
000000000000c2f0 0000000000000144 T hidGetNpadStatesGc
000000000000c440 00000000000000a8 T hidGetNpadStatesSystemExt
000000000000c4f0 0000000000000008 T hidSetSupportedNpadStyleSet
000000000000c500 0000000000000100 T hidSetSupportedNpadIdType
000000000000c600 000000000000027c t _timeCleanup
000000000000c880 0000000000000100 t _timeCmdGetSession.constprop.0
000000000000c980 0000000000000104 t _timeReadClockFromSharedMem
000000000000ca90 0000000000000300 T timeInitialize
000000000000cd90 0000000000000048 T timeExit
000000000000cde0 0000000000000038 T timeGetServiceSession_SystemClock
000000000000ce20 00000000000000fc T timeGetCurrentTime
000000000000cf20 0000000000000108 T timeToCalendarTimeWithMyRule
000000000000d030 0000000000000114 T timeToPosixTimeWithMyRule
000000000000d150 000000000000000c T nwindowGetDefault
000000000000d160 00000000000000a4 T __nx_win_init
000000000000d210 0000000000000034 T __nx_win_exit
000000000000d250 000000000000008c T framebufferMakeLinear
000000000000d2e0 0000000000000084 T framebufferClose
000000000000d370 0000000000000290 T framebufferCreate
000000000000d600 000000000000007c T framebufferBegin
000000000000d680 0000000000000198 T framebufferEnd
000000000000d820 0000000000000024 T nwindowIsValid
000000000000d850 000000000000007c T nwindowClose
000000000000d8d0 00000000000000f8 T nwindowCreate
000000000000d9d0 0000000000000038 T nwindowCreateFromLayer
000000000000da10 0000000000000084 T nwindowSetDimensions
000000000000daa0 0000000000000180 T nwindowConfigureBuffer
000000000000dc20 00000000000001cc T nwindowDequeueBuffer
000000000000ddf0 000000000000012c T nwindowQueueBuffer
000000000000df20 00000000000000bc T nwindowReleaseBuffers
000000000000dfe0 0000000000000004 W __libnx_alloc
000000000000dff0 0000000000000014 W __libnx_aligned_alloc
000000000000e010 0000000000000004 W __libnx_free
000000000000e020 0000000000000314 W argvSetup
000000000000e340 00000000000001fc T __nx_dynamic
000000000000e540 00000000000000d0 W __libnx_initheap
000000000000e610 00000000000000ec W __appInit
000000000000e700 0000000000000044 W __appExit
000000000000e750 000000000000002c W __libnx_init
000000000000e780 000000000000001c W __libnx_exit
000000000000e7a0 000000000000001c T __syscall_exit
000000000000e7c0 0000000000000034 T __syscall_getreent
000000000000e800 0000000000000004 T __syscall_lock_acquire
000000000000e810 0000000000000004 T __syscall_lock_release
000000000000e820 0000000000000004 T __syscall_lock_acquire_recursive
000000000000e830 0000000000000004 T __syscall_lock_release_recursive
000000000000e840 000000000000025c T __libnx_init_time
000000000000eaa0 0000000000000098 T newlibSetup
000000000000eb40 00000000000000e8 T nxlinkSetup
000000000000ec28 T armDCacheFlush
000000000000ec58 t armDCacheFlush_L0
000000000000ec74 W __libnx_exception_entry
000000000000ed00 t __libnx_exception_entry_start
000000000000ee28 t __libnx_exception_entry_abort
000000000000ee2c t __libnx_exception_entry_end
000000000000ee34 T __libnx_exception_returnentry
000000000000ee50 0000000000000070 T condvarWaitTimeout
000000000000eec0 0000000000000410 T randomGet
000000000000f2d0 0000000000000020 T randomGet64
000000000000f2f0 00000000000000b0 T __libnx_init_thread
000000000000f3a0 00000000000000d0 t _nvCleanup
000000000000f470 00000000000000d4 t _nvCmdInitialize.constprop.0
000000000000f550 0000000000000018 W __nx_nv_create_tmem
000000000000f570 00000000000003a8 T nvInitialize
000000000000f920 0000000000000048 T nvExit
000000000000f970 00000000000000f4 T nvConvertError
000000000000fa70 0000000000000114 T nvOpen
000000000000fb90 0000000000000310 T nvIoctl
000000000000fea0 00000000000000d4 T nvClose
000000000000ff80 000000000000010c T nvQueryEvent
0000000000010090 00000000000000d0 t _setsysGetFirmwareVersionImpl
0000000000010160 0000000000000078 t _setsysCleanup
00000000000101e0 00000000000000a0 T setsysInitialize
0000000000010280 0000000000000048 T setsysExit
00000000000102d0 0000000000000048 T setsysGetFirmwareVersion
0000000000010320 0000000000000230 t _viCleanup
0000000000010550 0000000000000100 t _viCmdGetSessionNoParams.constprop.0
0000000000010650 0000000000000368 T viInitialize
00000000000109c0 0000000000000048 T viExit
0000000000010a10 000000000000000c T viGetSession_IHOSBinderDriverRelay
0000000000010a20 000000000000010c T viOpenDisplay
0000000000010b30 00000000000000ec T viCloseDisplay
0000000000010c20 00000000000000f4 T viCloseLayer
0000000000010d20 0000000000000394 T viCreateLayer
00000000000110c0 00000000000000d8 T viSetLayerScalingMode
00000000000111a0 0000000000000074 t _nvFenceCleanup
0000000000011220 0000000000000098 T nvFenceInit
00000000000112c0 0000000000000048 T nvFenceExit
0000000000011310 0000000000000290 T nvFenceWait
00000000000115a0 000000000000007c T nvMultiFenceWait
0000000000011620 00000000000000ac T nvMapInit
00000000000116d0 0000000000000074 T nvMapExit
0000000000011750 000000000000008c T nvMapClose
00000000000117e0 0000000000000160 T nvMapCreate
0000000000011940 0000000000000024 T nvioctlNvhostCtrl_EventSignal
0000000000011970 000000000000003c T nvioctlNvhostCtrl_EventWait
00000000000119b0 0000000000000028 T nvioctlNvhostCtrl_EventWaitAsync
00000000000119e0 0000000000000024 T nvioctlNvhostCtrl_EventRegister
0000000000011a10 0000000000000024 T nvioctlNvhostCtrl_EventUnregister
0000000000011a40 000000000000003c T nvioctlNvmap_Create
0000000000011a80 0000000000000030 T nvioctlNvmap_Alloc
0000000000011ab0 0000000000000030 T nvioctlNvmap_Free
0000000000011ae0 000000000000003c T nvioctlNvmap_GetId
0000000000011b20 000000000000001c T binderCreate
0000000000011b40 000000000000035c T binderTransactParcel
0000000000011ea0 00000000000000e8 T binderConvertErrorCode
0000000000011f90 0000000000000124 T binderAdjustRefcount
00000000000120c0 000000000000009c T binderInitSession
0000000000012160 000000000000005c T binderClose
00000000000121c0 0000000000000154 T binderGetNativeHandle
0000000000012320 00000000000000c8 T bqRequestBuffer
00000000000123f0 0000000000000128 T bqDequeueBuffer
0000000000012520 00000000000000c8 T bqQueueBuffer
00000000000125f0 0000000000000084 T bqCancelBuffer
0000000000012680 00000000000000d0 T bqConnect
0000000000012750 0000000000000088 T bqDisconnect
00000000000127e0 0000000000000194 T bqSetPreallocatedBuffer
0000000000012980 0000000000000030 T parcelCreate
00000000000129b0 0000000000000174 T parcelTransact
0000000000012b30 0000000000000080 T parcelWriteData
0000000000012bb0 0000000000000088 T parcelReadData
0000000000012c40 0000000000000020 T parcelWriteInt32
0000000000012c60 0000000000000020 T parcelWriteUInt32
0000000000012c80 000000000000007c T parcelWriteString16
0000000000012d00 0000000000000030 T parcelWriteInterfaceToken
0000000000012d30 0000000000000024 T parcelReadInt32
0000000000012d60 0000000000000068 T parcelReadFlattenedObject
0000000000012dd0 0000000000000044 T parcelWriteFlattenedObject
0000000000012e20 00000000000000c4 T strncat
0000000000012f00 00000000000000b8 T strnlen
0000000000012fc0 00000000000000b4 T bsearch
0000000000013080 000000000000022c T memcpy
0000000000013080 T memmove
00000000000132c0 0000000000000120 T _fopen_r
00000000000133e0 000000000000002c T fopen
0000000000013420 0000000000000028 T gmtime
0000000000013480 0000000000000104 T memset
00000000000135a0 00000000000000f8 T snprintf
00000000000136a0 0000000000000080 T printf
0000000000013720 00000000000001a4 t _strtoul_l.isra.0
00000000000138e0 0000000000000040 T strtoul
0000000000013920 000000000000002c T aligned_alloc
0000000000013960 000000000000018c T _memalign_r
0000000000013b00 0000000000000014 T __errno
0000000000013b40 0000000000000130 T strlen
0000000000013c80 00000000000000f4 T _fwrite_r
0000000000013d80 0000000000000034 T fwrite
0000000000013dc0 00000000000001b4 T strncmp
0000000000013f80 0000000000000840 T _malloc_r
00000000000147c0 000000000000011c T _malloc_trim_r
00000000000148e0 00000000000002d8 T _free_r
0000000000014bc0 0000000000000278 T setvbuf
0000000000014e40 000000000000001c t stdio_exit_handler
0000000000014e60 000000000000006c t cleanup_stdio
0000000000014ee0 0000000000000128 t global_stdio_init.part.0
0000000000015020 000000000000000c T __sfp_lock_acquire
0000000000015040 000000000000000c T __sfp_lock_release
0000000000015060 0000000000000130 T __sfp
00000000000151a0 0000000000000054 T __sinit
0000000000015200 00000000000000a4 T __libc_init_array
00000000000152c0 00000000000000ac T strncpy
0000000000015380 0000000000000004 T _fseek_r
00000000000153a0 0000000000000038 T malloc
00000000000153e0 000000000000001c T free
0000000000015400 00000000000000d4 T _puts_r
00000000000154e0 000000000000001c T puts
0000000000015500 000000000000004c T __sread
0000000000015560 0000000000000070 T __swrite
00000000000155e0 0000000000000050 T __sseek
0000000000015640 0000000000000008 T __sclose
0000000000015660 000000000000000c T __malloc_lock
0000000000015680 000000000000000c T __malloc_unlock
00000000000156a0 00000000000004c0 T _fseeko_r
0000000000015b60 0000000000000130 T _fclose_r
0000000000015ca0 000000000000001c T fclose
0000000000015cc0 0000000000000080 T fprintf
0000000000015d40 0000000000000034 T setenv
0000000000015d80 0000000000000004 W __call_exitprocs
0000000000015d84 0000000000000790 t get_arg
0000000000016514 0000000000003a84 T _svfprintf_r
0000000000019fa0 00000000000000b8 T __sflags
000000000001a080 0000000000000134 T strcmp
000000000001a1c0 0000000000000044 T __libc_fini_array
000000000001a220 00000000000002a0 T gmtime_r
000000000001a4c0 00000000000000dc T memchr
000000000001a5a0 0000000000000038 t lflush
000000000001a5e0 0000000000000190 T __srefill_r
000000000001a780 000000000000007c T frexp
000000000001a800 0000000000000258 T _setenv_r
000000000001aa60 0000000000000098 T _fwalk_sglue
000000000001aaf8 0000000000000790 t get_arg
000000000001b288 0000000000003bd4 T _vfprintf_r
000000000001ee5c 00000000000000cc t __sbprintf
000000000001ef40 00000000000000d0 T _wcrtomb_r
000000000001f020 00000000000000c8 T __ssprint_r
000000000001f100 00000000000004a4 T __sfvwrite_r
000000000001f5c0 00000000000000b0 T __swhatbuf_r
000000000001f680 00000000000000e8 T __smakebuf_r
000000000001f780 000000000000002c T __locale_mb_cur_max
000000000001f7c0 00000000000001ec T __sflush_r
000000000001f9c0 00000000000000bc T _fflush_r
000000000001fa80 0000000000000038 T __sprint_r
000000000001fac0 00000000000001a4 t quorem
000000000001fc80 00000000000012f0 T _dtoa_r
0000000000020f80 0000000000000010 T _wcsrtombs_r
0000000000020fa0 000000000000012c T __swsetup_r
00000000000210e0 00000000000000f4 T _findenv_r
00000000000211e0 0000000000000008 T __localeconv_l
0000000000021200 0000000000000028 T _localeconv_r
0000000000021240 0000000000000568 T _realloc_r
00000000000217c0 0000000000000188 T __ssputs_r
0000000000021960 00000000000000e0 T __utf8_wctomb
0000000000021a40 0000000000000188 T _wcsnrtombs_l
0000000000021be0 0000000000000054 T _wcsnrtombs_r
0000000000021c40 00000000000000cc T strchr
0000000000021d20 000000000000000c T __env_lock
0000000000021d40 000000000000000c T __env_unlock
0000000000021d60 0000000000000064 T __assert_func
0000000000021de0 00000000000000a4 T _Balloc
0000000000021ea0 0000000000000020 T _Bfree
0000000000021ec0 0000000000000118 T __multadd
0000000000021fe0 0000000000000094 T __hi0bits
0000000000022080 0000000000000100 T __lo0bits
0000000000022180 000000000000004c T __i2b
00000000000221e0 0000000000000210 T __multiply
0000000000022400 0000000000000104 T __pow5mult
0000000000022520 0000000000000174 T __lshift
00000000000226a0 0000000000000050 T __mcmp
0000000000022700 00000000000001c4 T __mdiff
00000000000228e0 000000000000014c T __d2b
0000000000022a40 00000000000002dc T __utf8_mbtowc
0000000000022d20 0000000000000080 T fiprintf
0000000000022da0 0000000000000018 T abort
0000000000022dc0 00000000000000bc T _calloc_r
0000000000022e7c 0000000000000790 t get_arg
000000000002360c 0000000000002964 T _vfiprintf_r
0000000000025f70 00000000000000cc t __sbprintf
0000000000026040 000000000000009c T _raise_r
00000000000260e0 000000000000001c T raise
0000000000026100 0000000000000020 T _exit
0000000000026120 000000000000016c T chdir
00000000000262a0 0000000000000218 T _concatenate_path
00000000000264c0 000000000000009c T _fstat_r
0000000000026560 0000000000000010 T _getpid_r
0000000000026580 0000000000000020 T __getreent
00000000000265a0 00000000000000a0 T __release_handle
0000000000026640 0000000000000130 T __alloc_handle
0000000000026780 0000000000000060 T __get_handle
00000000000267e0 00000000000000f4 T _close_r
00000000000268e0 0000000000000008 t null_write
0000000000026900 0000000000000018 T setDefaultDevice
0000000000026920 00000000000000b8 T FindDevice
00000000000269e0 000000000000002c T RemoveDevice
0000000000026a20 00000000000000a4 T AddDevice
0000000000026ae0 0000000000000034 T GetDeviceOpTab
0000000000026b20 0000000000000008 T _isatty_r
0000000000026b40 0000000000000010 T _kill_r
0000000000026b60 00000000000000a0 T _lseek_r
0000000000026c00 0000000000000088 T mkdir
0000000000026ca0 00000000000000f0 T _open_r
0000000000026da0 00000000000000b0 T _read_r
0000000000026e60 0000000000000078 W _sbrk_r
0000000000026ee0 0000000000000014 T __libc_lock_acquire
0000000000026f00 0000000000000014 T __libc_lock_release
0000000000026f20 0000000000000014 T __libc_lock_acquire_recursive
0000000000026f40 0000000000000014 T __libc_lock_release_recursive
0000000000026f60 00000000000000b0 T _write_r
0000000000027020 0000000000000380 t __trunctfdf2
00000000000273a0 0000000000000070 t __sfp_handle_exceptions
0000000000027440 0000000000000104 T strrchr
0000000000027548 T _init
0000000000027580 T _fini
0000000000028890 0000000000000014 r main::interval_values
00000000000288a8 0000000000000014 r CSWTCH.1000
0000000000028a40 0000000000000018 r grayScale
0000000000028a58 0000000000000006 r colorCube
0000000000028a60 0000000000000030 r colorTable
0000000000028a90 0000000000000020 r error_table
0000000000028af0 R default_font_bin
000000000002aaf0 R default_font_bin_end
000000000002aaf0 0000000000000038 r g_nvColorFmtTable
000000000002ab28 0000000000000024 r s_emptyFence.0
000000000002abb0 0000000000000023 r g_bq_InterfaceDescriptor
000000000002ad10 0000000000000010 r zeroes.0
000000000002ad20 0000000000000010 r blanks.1
000000000002ad30 0000000000000101 R _ctype_
000000000002af30 0000000000000010 r zeroes.0
000000000002af40 0000000000000010 r blanks.1
000000000002af50 000000000000006c R __action_table
000000000002afc0 000000000000006c R __state_table
000000000002b030 0000000000000100 R __chclass
000000000002b148 000000000000000c r p05.0
000000000002b158 0000000000000028 R __mprec_bigtens
000000000002b180 00000000000000c8 R __mprec_tens
000000000002b340 0000000000000010 r zeroes.0
000000000002b350 0000000000000010 r blanks.1
000000000002b360 r __tls_align
000000000002b368 r __EH_FRAME_BEGIN__
000000000002b368 r __eh_frame_hdr_end
000000000002b368 r __eh_frame_hdr_start
0000000000030494 r __FRAME_END__
0000000000031000 d __frame_dummy_init_array_entry
0000000000031000 d __init_array_start
0000000000031000 d __preinit_array_end
0000000000031000 d __preinit_array_start
0000000000031000 d __relro_start
0000000000031008 d __do_global_dtors_aux_fini_array_entry
0000000000031008 d __fini_array_start
0000000000031008 d __init_array_end
0000000000031010 0000000000000100 d dotab_stdout
0000000000031010 d __fini_array_end
0000000000031110 0000000000000100 d fsdev_devoptab
0000000000031210 0000000000000100 D dotab_stdnull
0000000000031310 a _DYNAMIC
0000000000031460 a _GLOBAL_OFFSET_TABLE_
0000000000031460 d __got_start__
00000000000316d8 d __got_end__
0000000000032000 d __data_start
0000000000032028 0000000000000008 V __nx_applet_init_timeout
0000000000032030 0000000000000001 V __nx_applet_auto_notifyrunning
0000000000032034 0000000000000004 V __nx_applet_type
0000000000032038 0000000000000004 V __nx_fs_num_sessions
0000000000032040 0000000000000008 d currentConsole
0000000000032048 0000000000000050 d defaultConsole
0000000000032098 0000000000000088 d s_consoleSwRenderer
0000000000032120 0000000000000001 V __nx_fsdev_support_cwd
0000000000032124 0000000000000004 V __nx_fsdev_direntry_cache_size
0000000000032128 0000000000000008 V __nx_exception_stack_size
0000000000032130 0000000000000004 V __nx_nv_transfermem_size
0000000000032134 0000000000000004 V __nx_nv_service_type
0000000000032138 0000000000000004 d g_viServiceType
000000000003213c 0000000000000004 V __nx_vi_stray_layer_flags
0000000000032140 0000000000000004 d g_ctrl_fd
0000000000032144 0000000000000004 d g_nvmap_fd
0000000000032148 0000000000000008 D _impure_ptr
0000000000032150 0000000000000240 D _impure_data
0000000000032390 0000000000000008 D __malloc_sbrk_base
0000000000032398 0000000000000008 D __malloc_trim_threshold
00000000000323a0 0000000000000810 D __malloc_av_
0000000000032bb0 0000000000000018 D __sglue
0000000000032bc8 0000000000000008 D environ
0000000000032bd0 0000000000000290 D __global_locale
0000000000032e60 0000000000000400 d _current_working_directory
0000000000033260 0000000000002000 d handles
0000000000035260 0000000000000010 d __stderr_handle
0000000000035270 0000000000000010 d __stdout_handle
0000000000035280 0000000000000010 d __stdin_handle
0000000000035290 0000000000000118 D devoptab_list
00000000000353a8 0000000000000004 d defaultDevice
00000000000353b0 b __bss_start__
00000000000353b0 b completed.1
00000000000353b0 d __tdata_lma
00000000000353b0 d __tdata_lma_end
00000000000353b8 b object.0
00000000000353e8 0000000000000004 b g_scan_rc
00000000000353f0 0000000000000008 b g_appletGuard
00000000000353f8 0000000000000001 b g_appletInfoInitialized
0000000000035400 0000000000000050 b g_appletInfo
0000000000035450 0000000000000004 b g_appletCpuBoostMode
0000000000035458 000000000000000c b g_appletLibraryAppletLaunchableEvent
0000000000035464 0000000000000001 b g_appletSuspendedTickInitialized
0000000000035468 0000000000000008 b g_appletSuspendedTick
0000000000035470 0000000000000008 b g_appletInitTickBase
0000000000035478 000000000000000c b g_appletSuspendedTickEvent
0000000000035484 0000000000000001 b g_appletCopyrightInitialized
0000000000035488 0000000000000028 b g_appletCopyrightTmem
00000000000354b0 0000000000000004 b g_appletRecordingInitialized
00000000000354b8 0000000000000028 b g_appletRecordingTmem
00000000000354e0 0000000000000018 b g_appletFirstHook
00000000000354f8 0000000000000001 b g_appletNotifiedRunning
00000000000354f9 0000000000000001 b g_appletFocusState
00000000000354fc 0000000000000004 b g_appletPerformanceMode
0000000000035500 0000000000000001 b g_appletOperationMode
0000000000035508 0000000000000008 b g_appletResourceUserId
0000000000035510 000000000000000c b g_appletMessageEvent
0000000000035520 0000000000000010 b g_appletIDebugFunctions
0000000000035530 0000000000000010 b g_appletIDisplayController
0000000000035540 0000000000000010 b g_appletIAudioController
0000000000035550 0000000000000010 b g_appletIWindowController
0000000000035560 0000000000000010 b g_appletISelfController
0000000000035570 0000000000000010 b g_appletICommonStateGetter
0000000000035580 0000000000000010 b g_appletILibraryAppletCreator
0000000000035590 0000000000000010 b g_appletIProcessWindingController
00000000000355a0 0000000000000010 b g_appletILibraryAppletSelfAccessor
00000000000355b0 0000000000000010 b g_appletIApplicationCreator
00000000000355c0 0000000000000010 b g_appletIGlobalStateController
00000000000355d0 0000000000000010 b g_appletIFunctions
00000000000355e0 0000000000000010 b g_appletIAppletCommonFunctions
00000000000355f0 0000000000000004 b g_appletExitProcessResult
00000000000355f4 0000000000000001 b g_appletExitProcessFlag
00000000000355f5 0000000000000001 b g_appletLeftInitialized
00000000000355f8 0000000000000010 b g_appletProxySession
0000000000035608 0000000000000010 b g_appletSrv
0000000000035618 0000000000000004 V __nx_applet_exit_mode
0000000000035620 0000000000000008 V __nx_applet_PerformanceConfiguration
0000000000035628 0000000000000080 V __nx_applet_AppletAttribute
00000000000356a8 0000000000000008 b g_btdrvGuard
00000000000356b0 0000000000000008 b g_btdrvCircularBuffer
00000000000356b8 0000000000000020 b g_btdrvSharedmem
00000000000356d8 0000000000000010 b g_btdrvSrv
00000000000356e8 0000000000000008 b g_btmGuard
00000000000356f0 0000000000000010 b g_btmSrv
0000000000035700 0000000000000008 b g_fsGuard
0000000000035710 0000000000000054 b g_fsSessionMgr
0000000000035768 0000000000000010 b g_fsSrv
0000000000035778 0000000000000008 b g_smGuard
0000000000035780 0000000000000008 b g_smOverridesNum
0000000000035788 0000000000000180 b g_smOverrides
0000000000035908 0000000000000010 b g_smSrv
0000000000035918 0000000000000008 b g_userIdStorage
0000000000035920 0000000000000010 b g_randomSeed
0000000000035930 0000000000000001 b g_hasRandomSeed
0000000000035934 0000000000000004 b g_lastLoadResult
0000000000035938 0000000000000008 b g_nextLoadArgv
0000000000035940 0000000000000008 b g_nextLoadPath
0000000000035948 0000000000000004 b g_processHandle
0000000000035950 0000000000000018 b g_syscallHints
0000000000035968 0000000000000008 b g_overrideArgv
0000000000035970 0000000000000008 b g_overrideHeapSize
0000000000035978 0000000000000008 b g_overrideHeapAddr
0000000000035980 0000000000000008 b g_loaderRetAddr
0000000000035988 0000000000000004 b g_mainThreadHandle
0000000000035990 0000000000000008 b g_loaderInfoSize
0000000000035998 0000000000000008 b g_loaderInfo
00000000000359a0 0000000000000001 b g_isNso
00000000000359a4 0000000000000004 b g_hosVersion
00000000000359a8 0000000000000001 b didFirstConsoleInit.0
00000000000359b0 0000000000000068 b escapeSeq
0000000000035a18 0000000000000050 b currentCopy
0000000000035a70 0000000000002800 b fsdev_fsdevices
0000000000038270 0000000000000004 b fsdev_fsdevice_cwd
0000000000038274 0000000000000001 b fsdev_initialised
0000000000038278 B __stack_top
0000000000038280 0000000000000001 b g_IsLegacyKernel
0000000000038288 0000000000000008 b g_Reservations
0000000000038290 0000000000000010 b g_StackRegion
00000000000382a0 0000000000000010 b g_AslrRegion
00000000000382b0 0000000000000010 b g_HeapRegion
00000000000382c0 0000000000000010 b g_AliasRegion
00000000000382d0 0000000000000004 b g_VirtmemMutex
00000000000382d8 0000000000000008 b g_apmGuard
00000000000382e0 0000000000000010 b g_apmISession
00000000000382f0 0000000000000010 b g_apmSrv
0000000000038300 0000000000000008 b g_hidGuard
0000000000038308 0000000000000008 b g_sevenSixAxisSensorBuffer
0000000000038310 0000000000000020 b g_hidSharedmem
0000000000038330 0000000000000010 b g_hidIActiveVibrationDeviceList
0000000000038340 0000000000000010 b g_hidIAppletResource
0000000000038350 0000000000000010 b g_hidSrv
0000000000038360 0000000000000008 b g_timeGuard
0000000000038368 0000000000000020 b g_timeSharedmem
0000000000038388 0000000000000010 b g_timeLocalSystemClock
0000000000038398 0000000000000010 b g_timeTimeZoneService
00000000000383a8 0000000000000010 b g_timeSteadyClock
00000000000383b8 0000000000000010 b g_timeNetworkSystemClock
00000000000383c8 0000000000000010 b g_timeUserSystemClock
00000000000383d8 0000000000000010 b g_timeSrv
00000000000383e8 0000000000000004 V __nx_time_service_type
00000000000383f0 0000000000000080 b g_defaultWin
0000000000038470 0000000000000010 b g_viLayer
0000000000038480 0000000000000050 b g_viDisplay
00000000000384d0 0000000000000008 b g_argv_empty
00000000000384d8 0000000000000008 B __system_argv
00000000000384e0 0000000000000004 B __system_argc
00000000000384f0 0000000000000340 B __nx_exceptiondump
0000000000038830 0000000000000004 V __nx_exception_ignoredebug
0000000000038840 0000000000000400 V __nx_exception_stack
0000000000038c40 0000000000000008 V __nx_heap_size
0000000000038c48 0000000000000008 b __bootticks
0000000000038c50 0000000000000008 b __boottime
0000000000038c58 0000000000000004 V __nx_time_type
0000000000038c60 0000000000000004 B __nxlink_host
0000000000038c64 0000000000000004 b g_randMutex
0000000000038c68 0000000000000001 b g_randInit
0000000000038c70 0000000000000040 b g_chacha
0000000000038cb0 0000000000000038 b g_mainThread
0000000000038ce8 0000000000000008 b g_threadList
0000000000038cf0 0000000000000004 b g_threadMutex
0000000000038cf8 0000000000000008 b g_nvGuard
0000000000038d00 0000000000000028 b g_nvTransfermem
0000000000038d28 0000000000000010 b g_nvSrvClone
0000000000038d38 0000000000000010 b g_nvSrv
0000000000038d48 0000000000000008 b g_setsysGuard
0000000000038d50 0000000000000010 b g_setsysSrv
0000000000038d60 0000000000000008 b g_viGuard
0000000000038d68 0000000000000010 b g_viIHOSBinderDriverIndirect
0000000000038d78 0000000000000010 b g_viIManagerDisplayService
0000000000038d88 0000000000000010 b g_viISystemDisplayService
0000000000038d98 0000000000000010 b g_viIHOSBinderDriverRelay
0000000000038da8 0000000000000010 b g_viIApplicationDisplayService
0000000000038db8 0000000000000010 b g_viRootService
0000000000038dc8 0000000000000008 V __nx_vi_layer_id
0000000000038dd0 0000000000000008 b g_nvFenceGuard
0000000000038dd8 0000000000000300 b g_NvEvents
00000000000390d8 0000000000000008 b g_NvEventUsedMask
00000000000390e0 0000000000000008 b g_nvMapGuard
00000000000390e8 0000000000000050 B __malloc_current_mallinfo
0000000000039138 0000000000000008 B __malloc_max_total_mem
0000000000039140 0000000000000008 B __malloc_max_sbrked_mem
0000000000039148 0000000000000008 B __malloc_top_pad
0000000000039150 0000000000000008 b __sfp_recursive_mutex
0000000000039158 0000000000000228 B __sf
0000000000039380 0000000000000008 B __stdio_exit_handler
0000000000039388 0000000000000008 b __malloc_recursive_mutex
0000000000039390 0000000000000004 b alloced.0
0000000000039398 0000000000000008 b initial_env
00000000000393a0 0000000000000008 b __env_recursive_mutex
00000000000393b0 0000000000000400 b temp_cwd
00000000000397b0 0000000000000004 b __hndl_lock
00000000000397b8 0000000000000008 B fake_heap_start
00000000000397c0 0000000000000008 B fake_heap_end
00000000000397c8 0000000000000008 b heap_start.0
00000000000397d0 b __tls_start
0000000000039be0 b __bss_end__
0000000000039be0 b __end__
0000000000039be0 b __tls_end
000000000003a000 b __argdata__
